
Bad key text.latex.preview in file /software/python-anaconda-2020.11-el8-x86_64/lib/python3.8/site-packages/matplotlib/mpl-data/stylelib/_classic_test.mplstyle, line 123 ('text.latex.preview : False')
You probably need to get an updated matplotlibrc file from
https://github.com/matplotlib/matplotlib/blob/v3.6.0/matplotlibrc.template
or from the matplotlib source distribution

Bad key mathtext.fallback_to_cm in file /software/python-anaconda-2020.11-el8-x86_64/lib/python3.8/site-packages/matplotlib/mpl-data/stylelib/_classic_test.mplstyle, line 155 ('mathtext.fallback_to_cm : True  # When True, use symbols from the Computer Modern')
You probably need to get an updated matplotlibrc file from
https://github.com/matplotlib/matplotlib/blob/v3.6.0/matplotlibrc.template
or from the matplotlib source distribution

Bad key savefig.jpeg_quality in file /software/python-anaconda-2020.11-el8-x86_64/lib/python3.8/site-packages/matplotlib/mpl-data/stylelib/_classic_test.mplstyle, line 418 ('savefig.jpeg_quality: 95       # when a jpeg is saved, the default quality parameter.')
You probably need to get an updated matplotlibrc file from
https://github.com/matplotlib/matplotlib/blob/v3.6.0/matplotlibrc.template
or from the matplotlib source distribution

Bad key keymap.all_axes in file /software/python-anaconda-2020.11-el8-x86_64/lib/python3.8/site-packages/matplotlib/mpl-data/stylelib/_classic_test.mplstyle, line 466 ('keymap.all_axes : a                 # enable all axes')
You probably need to get an updated matplotlibrc file from
https://github.com/matplotlib/matplotlib/blob/v3.6.0/matplotlibrc.template
or from the matplotlib source distribution

Bad key animation.avconv_path in file /software/python-anaconda-2020.11-el8-x86_64/lib/python3.8/site-packages/matplotlib/mpl-data/stylelib/_classic_test.mplstyle, line 477 ('animation.avconv_path: avconv     # Path to avconv binary. Without full path')
You probably need to get an updated matplotlibrc file from
https://github.com/matplotlib/matplotlib/blob/v3.6.0/matplotlibrc.template
or from the matplotlib source distribution

Bad key animation.avconv_args in file /software/python-anaconda-2020.11-el8-x86_64/lib/python3.8/site-packages/matplotlib/mpl-data/stylelib/_classic_test.mplstyle, line 479 ('animation.avconv_args:            # Additional arguments to pass to avconv')
You probably need to get an updated matplotlibrc file from
https://github.com/matplotlib/matplotlib/blob/v3.6.0/matplotlibrc.template
or from the matplotlib source distribution
Traceback (most recent call last):
  File "/project/lhansen/Twist_Bin/plot.py", line 86, in <module>
    res = pickle.load(open(model_simul_dir_post, "rb"))
FileNotFoundError: [Errno 2] No such file or directory: './data/OneCapital_small_grid_0.1_frac_0.1/result_ell_0.111_rho_1.25_eps_0.1_frac_0.1'
